[24-Apr-2023 03:12:50 UTC] Cron reschedule event error for hook: wp_privacy_delete_old_export_files, Error code: could_not_set, Error message: The cron event list could not be saved., Data: {"schedule":"hourly","args":[],"interval":3600}
[26-Apr-2023 03:52:29 UTC] PHP Fatal error:  Uncaught TypeError: call_user_func_array(): Argument #1 ($callback) must be a valid callback, function "" not found or invalid function name in C:\Users\pin-d\Local Sites\tutorial-college\app\public\wp-includes\class-wp-hook.php:308
Stack trace:
#0 C:\Users\pin-d\Local Sites\tutorial-college\app\public\wp-includes\class-wp-hook.php(332): WP_Hook->apply_filters(NULL, Array)
#1 C:\Users\pin-d\Local Sites\tutorial-college\app\public\wp-includes\plugin.php(517): WP_Hook->do_action(Array)
#2 C:\Users\pin-d\Local Sites\tutorial-college\app\public\wp-settings.php(601): do_action('after_setup_the...')
#3 C:\Users\pin-d\Local Sites\tutorial-college\app\public\wp-config.php(93): require_once('C:\\Users\\pin-d\\...')
#4 C:\Users\pin-d\Local Sites\tutorial-college\app\public\wp-load.php(50): require_once('C:\\Users\\pin-d\\...')
#5 C:\Users\pin-d\Local Sites\tutorial-college\app\public\wp-admin\admin-ajax.php(22): require_once('C:\\Users\\pin-d\\...')
#6 {main}
  thrown in C:\Users\pin-d\Local Sites\tutorial-college\app\public\wp-includes\class-wp-hook.php on line 308
[01-May-2023 08:31:57 UTC] PHP Fatal error:  Uncaught ArgumentCountError: Too few arguments to function add_image_size(), 0 passed in C:\Users\pin-d\Local Sites\tutorial-college\app\public\wp-content\themes\fictonal-university-theme\functions.php on line 20 and at least 1 expected in C:\Users\pin-d\Local Sites\tutorial-college\app\public\wp-includes\media.php:291
Stack trace:
#0 C:\Users\pin-d\Local Sites\tutorial-college\app\public\wp-content\themes\fictonal-university-theme\functions.php(20): add_image_size()
#1 C:\Users\pin-d\Local Sites\tutorial-college\app\public\wp-includes\class-wp-hook.php(308): university_features('')
#2 C:\Users\pin-d\Local Sites\tutorial-college\app\public\wp-includes\class-wp-hook.php(332): WP_Hook->apply_filters(NULL, Array)
#3 C:\Users\pin-d\Local Sites\tutorial-college\app\public\wp-includes\plugin.php(517): WP_Hook->do_action(Array)
#4 C:\Users\pin-d\Local Sites\tutorial-college\app\public\wp-settings.php(601): do_action('after_setup_the...')
#5 C:\Users\pin-d\Local Sites\tutorial-college\app\public\wp-config.php(93): require_once('C:\\Users\\pin-d\\...')
#6 C:\Users\pin-d\Local Sites\tutorial-college\app\public\wp-load.php(50): require_once('C:\\Users\\pin-d\\...')
#7 C:\Users\pin-d\Local Sites\tutorial-college\app\public\wp-admin\admin-ajax.php(22): require_once('C:\\Users\\pin-d\\...')
#8 {main}
  thrown in C:\Users\pin-d\Local Sites\tutorial-college\app\public\wp-includes\media.php on line 291
[02-May-2023 03:43:15 UTC] PHP Fatal error:  Uncaught TypeError: Cannot access offset of type string on string in C:\Users\pin-d\Local Sites\tutorial-college\app\public\wp-content\themes\fictonal-university-theme\single-professor.php:10
Stack trace:
#0 C:\Users\pin-d\Local Sites\tutorial-college\app\public\wp-includes\template-loader.php(106): include()
#1 C:\Users\pin-d\Local Sites\tutorial-college\app\public\wp-blog-header.php(19): require_once('C:\\Users\\pin-d\\...')
#2 C:\Users\pin-d\Local Sites\tutorial-college\app\public\index.php(17): require('C:\\Users\\pin-d\\...')
#3 {main}
  thrown in C:\Users\pin-d\Local Sites\tutorial-college\app\public\wp-content\themes\fictonal-university-theme\single-professor.php on line 10
